Command: /home/sf10274/AlbertLand/0UVMgetinfo/VirtualSequencerTheOne/./simv -l simv.log +UVM_VERBOSITY=HIGH +UVM_TESTNAME=testcase1
Chronologic VCS simulator copyright 1991-2023
Contains Synopsys proprietary information.
Compiler version U-2023.03-SP2_Full64; Runtime version U-2023.03-SP2_Full64;  Jun 20 12:04 2024
----------------------------------------------------------------
UVM-1.1d.Synopsys
(C) 2007-2013 Mentor Graphics Corporation
(C) 2007-2013 Cadence Design Systems, Inc.
(C) 2006-2013 Synopsys, Inc.
(C) 2011-2013 Cypress Semiconductor Corp.
----------------------------------------------------------------

  ***********       IMPORTANT RELEASE NOTES         ************

  You are using a version of the UVM library that has been compiled
  with `UVM_NO_DEPRECATED undefined.
  See http://www.eda.org/svdb/view.php?id=3313 for more details.

  You are using a version of the UVM library that has been compiled
  with `UVM_OBJECT_MUST_HAVE_CONSTRUCTOR undefined.
  See http://www.eda.org/svdb/view.php?id=3770 for more details.

      (Specify +UVM_NO_RELNOTES to turn off this notice)

*Verdi* Loading libsscore_vcs202303.so
FSDB Dumper for VCS, Release Verdi_U-2023.03-SP2-2, Linux x86_64/64bit, 11/22/2023
(C) 1996 - 2023 by Synopsys, Inc.
*Verdi* FSDB WARNING: The FSDB file already exists. Overwriting the FSDB file may crash the programs that are using this file.
*Verdi* : Create FSDB file 'novas.fsdb'
*Verdi* : Begin traversing the scopes, layer (0).
*Verdi* : End of traversing.
UVM_INFO @ 0: reporter [RNTST] Running test testcase1...
UVM_INFO drv_rst.sv(17) @ 0: uvm_test_top.env_0.agent_rst_0.drv_rst_0 [RST Driver] About to drive
UVM_INFO v_seq.sv(24) @ 0: uvm_test_top.v_seqr_0@@v_seq [XAC] pre_start
UVM_INFO seq_rst.sv(12) @ 0: uvm_test_top.env_0.agent_rst_0.seqr_rst_0@@v_seq.seq_rst_0 [XAC] in rst sequence sequence body
UVM_INFO drv_rst.sv(23) @ 0: uvm_test_top.env_0.agent_rst_0.drv_rst_0 [RST Driver] waiting for clk
UVM_INFO drv_rst.sv(28) @ 5: uvm_test_top.env_0.agent_rst_0.drv_rst_0 [RST Driver] got clk
UVM_INFO drv_rst.sv(30) @ 5: uvm_test_top.env_0.agent_rst_0.drv_rst_0 [RST Driver] rst_ is 0 

UVM_INFO drv_rst.sv(34) @ 20: uvm_test_top.env_0.agent_rst_0.drv_rst_0 [RST Driving!] ----------------------------------------------------------------------------------------
Name                           Type      Size  Value                                    
----------------------------------------------------------------------------------------
req                            rst       -     @973                                     
  rst_                         integral  1     'h0                                      
  rst_time                     integral  32    'h3                                      
  begin_time                   time      64    0                                        
  depth                        int       32    'd3                                      
  parent sequence (name)       string    9     seq_rst_0                                
  parent sequence (full name)  string    37    uvm_test_top.v_seqr_0.v_seq.seq_rst_0    
  sequencer                    string    41    uvm_test_top.env_0.agent_rst_0.seqr_rst_0
----------------------------------------------------------------------------------------

UVM_INFO drv_rst.sv(35) @ 20: uvm_test_top.env_0.agent_rst_0.drv_rst_0 [RST Driver] rst_ is 1 

UVM_INFO seq_pkt.sv(12) @ 20: uvm_test_top.env_0.agent_pkt_0.seqr_pkt_0@@v_seq.seq_pkt_0 [XAC] SEQ_PKT::body(), going to uvm_do_with
UVM_INFO drv_pkt.sv(19) @ 20: uvm_test_top.env_0.agent_pkt_0.drv_pkt_0 [CMD Driver] waiting for clk , consumed 
UVM_INFO drv_pkt.sv(22) @ 25: uvm_test_top.env_0.agent_pkt_0.drv_pkt_0 [CMD Driver] got clk and driving cmd and data to interface
UVM_INFO drv_pkt.sv(25) @ 25: uvm_test_top.env_0.agent_pkt_0.drv_pkt_0 [CMD Driver] cmd is 8 

UVM_INFO drv_pkt.sv(26) @ 25: uvm_test_top.env_0.agent_pkt_0.drv_pkt_0 [CMD Driver] saddr is 1111 

UVM_INFO drv_pkt.sv(29) @ 25: uvm_test_top.env_0.agent_pkt_0.drv_pkt_0 [CMD Driver] waiting for clk #2
UVM_INFO drv_pkt.sv(31) @ 65: uvm_test_top.env_0.agent_pkt_0.drv_pkt_0 [CMD Driving!] ----------------------------------------------------------------------------------------
Name                           Type      Size  Value                                    
----------------------------------------------------------------------------------------
req                            pkt       -     @983                                     
  saddr                        integral  16    'h1111                                   
  daddr                        integral  16    'h378                                    
  cmd                          integral  4     'h8                                      
  rw_                          integral  1     'h0                                      
  rst                          integral  1     'h1                                      
  rst_time                     integral  32    'ha21d07aa                               
  begin_time                   time      64    20                                       
  depth                        int       32    'd3                                      
  parent sequence (name)       string    9     seq_pkt_0                                
  parent sequence (full name)  string    37    uvm_test_top.v_seqr_0.v_seq.seq_pkt_0    
  sequencer                    string    41    uvm_test_top.env_0.agent_pkt_0.seqr_pkt_0
----------------------------------------------------------------------------------------

UVM_INFO drv_pkt.sv(19) @ 65: uvm_test_top.env_0.agent_pkt_0.drv_pkt_0 [CMD Driver] waiting for clk , consumed 
UVM_INFO drv_pkt.sv(22) @ 75: uvm_test_top.env_0.agent_pkt_0.drv_pkt_0 [CMD Driver] got clk and driving cmd and data to interface
UVM_INFO drv_pkt.sv(25) @ 75: uvm_test_top.env_0.agent_pkt_0.drv_pkt_0 [CMD Driver] cmd is 9 

UVM_INFO drv_pkt.sv(26) @ 75: uvm_test_top.env_0.agent_pkt_0.drv_pkt_0 [CMD Driver] saddr is 1111 

UVM_INFO drv_pkt.sv(29) @ 75: uvm_test_top.env_0.agent_pkt_0.drv_pkt_0 [CMD Driver] waiting for clk #2
UVM_INFO drv_pkt.sv(31) @ 115: uvm_test_top.env_0.agent_pkt_0.drv_pkt_0 [CMD Driving!] ----------------------------------------------------------------------------------------
Name                           Type      Size  Value                                    
----------------------------------------------------------------------------------------
req                            pkt       -     @988                                     
  saddr                        integral  16    'h1111                                   
  daddr                        integral  16    'h378                                    
  cmd                          integral  4     'h9                                      
  rw_                          integral  1     'h1                                      
  rst                          integral  1     'h0                                      
  rst_time                     integral  32    'h1f5b1ba0                               
  begin_time                   time      64    65                                       
  depth                        int       32    'd3                                      
  parent sequence (name)       string    9     seq_pkt_0                                
  parent sequence (full name)  string    37    uvm_test_top.v_seqr_0.v_seq.seq_pkt_0    
  sequencer                    string    41    uvm_test_top.env_0.agent_pkt_0.seqr_pkt_0
----------------------------------------------------------------------------------------

UVM_INFO seq_pkt.sv(17) @ 115: uvm_test_top.env_0.agent_pkt_0.seqr_pkt_0@@v_seq.seq_pkt_0 [XAC] in sequence body, after 1st uvm_do_with 
UVM_INFO drv_pkt.sv(19) @ 115: uvm_test_top.env_0.agent_pkt_0.drv_pkt_0 [CMD Driver] waiting for clk , consumed 
UVM_INFO drv_pkt.sv(22) @ 125: uvm_test_top.env_0.agent_pkt_0.drv_pkt_0 [CMD Driver] got clk and driving cmd and data to interface
UVM_INFO drv_pkt.sv(25) @ 125: uvm_test_top.env_0.agent_pkt_0.drv_pkt_0 [CMD Driver] cmd is 7 

UVM_INFO drv_pkt.sv(26) @ 125: uvm_test_top.env_0.agent_pkt_0.drv_pkt_0 [CMD Driver] saddr is 2222 

UVM_INFO drv_pkt.sv(29) @ 125: uvm_test_top.env_0.agent_pkt_0.drv_pkt_0 [CMD Driver] waiting for clk #2
UVM_INFO drv_pkt.sv(31) @ 165: uvm_test_top.env_0.agent_pkt_0.drv_pkt_0 [CMD Driving!] ----------------------------------------------------------------------------------------
Name                           Type      Size  Value                                    
----------------------------------------------------------------------------------------
req                            pkt       -     @992                                     
  saddr                        integral  16    'h2222                                   
  daddr                        integral  16    'h378                                    
  cmd                          integral  4     'h7                                      
  rw_                          integral  1     'h0                                      
  rst                          integral  1     'h1                                      
  rst_time                     integral  32    'hd9b388b1                               
  begin_time                   time      64    115                                      
  depth                        int       32    'd3                                      
  parent sequence (name)       string    9     seq_pkt_0                                
  parent sequence (full name)  string    37    uvm_test_top.v_seqr_0.v_seq.seq_pkt_0    
  sequencer                    string    41    uvm_test_top.env_0.agent_pkt_0.seqr_pkt_0
----------------------------------------------------------------------------------------

UVM_INFO drv_pkt.sv(19) @ 165: uvm_test_top.env_0.agent_pkt_0.drv_pkt_0 [CMD Driver] waiting for clk , consumed 
UVM_INFO drv_pkt.sv(22) @ 175: uvm_test_top.env_0.agent_pkt_0.drv_pkt_0 [CMD Driver] got clk and driving cmd and data to interface
UVM_INFO drv_pkt.sv(25) @ 175: uvm_test_top.env_0.agent_pkt_0.drv_pkt_0 [CMD Driver] cmd is 4 

UVM_INFO drv_pkt.sv(26) @ 175: uvm_test_top.env_0.agent_pkt_0.drv_pkt_0 [CMD Driver] saddr is 3333 

UVM_INFO drv_pkt.sv(29) @ 175: uvm_test_top.env_0.agent_pkt_0.drv_pkt_0 [CMD Driver] waiting for clk #2
UVM_INFO drv_pkt.sv(31) @ 215: uvm_test_top.env_0.agent_pkt_0.drv_pkt_0 [CMD Driving!] ----------------------------------------------------------------------------------------
Name                           Type      Size  Value                                    
----------------------------------------------------------------------------------------
req                            pkt       -     @996                                     
  saddr                        integral  16    'h3333                                   
  daddr                        integral  16    'h378                                    
  cmd                          integral  4     'h4                                      
  rw_                          integral  1     'h0                                      
  rst                          integral  1     'h0                                      
  rst_time                     integral  32    'hf8b87ac5                               
  begin_time                   time      64    165                                      
  depth                        int       32    'd3                                      
  parent sequence (name)       string    9     seq_pkt_0                                
  parent sequence (full name)  string    37    uvm_test_top.v_seqr_0.v_seq.seq_pkt_0    
  sequencer                    string    41    uvm_test_top.env_0.agent_pkt_0.seqr_pkt_0
----------------------------------------------------------------------------------------

UVM_INFO drv_pkt.sv(19) @ 215: uvm_test_top.env_0.agent_pkt_0.drv_pkt_0 [CMD Driver] waiting for clk , consumed 
UVM_INFO drv_pkt.sv(22) @ 225: uvm_test_top.env_0.agent_pkt_0.drv_pkt_0 [CMD Driver] got clk and driving cmd and data to interface
UVM_INFO drv_pkt.sv(25) @ 225: uvm_test_top.env_0.agent_pkt_0.drv_pkt_0 [CMD Driver] cmd is 4 

UVM_INFO drv_pkt.sv(26) @ 225: uvm_test_top.env_0.agent_pkt_0.drv_pkt_0 [CMD Driver] saddr is 4444 

UVM_INFO drv_pkt.sv(29) @ 225: uvm_test_top.env_0.agent_pkt_0.drv_pkt_0 [CMD Driver] waiting for clk #2
UVM_INFO drv_pkt.sv(31) @ 265: uvm_test_top.env_0.agent_pkt_0.drv_pkt_0 [CMD Driving!] ----------------------------------------------------------------------------------------
Name                           Type      Size  Value                                    
----------------------------------------------------------------------------------------
req                            pkt       -     @1000                                    
  saddr                        integral  16    'h4444                                   
  daddr                        integral  16    'h378                                    
  cmd                          integral  4     'h4                                      
  rw_                          integral  1     'h0                                      
  rst                          integral  1     'h1                                      
  rst_time                     integral  32    'h4db79241                               
  begin_time                   time      64    215                                      
  depth                        int       32    'd3                                      
  parent sequence (name)       string    9     seq_pkt_0                                
  parent sequence (full name)  string    37    uvm_test_top.v_seqr_0.v_seq.seq_pkt_0    
  sequencer                    string    41    uvm_test_top.env_0.agent_pkt_0.seqr_pkt_0
----------------------------------------------------------------------------------------

UVM_INFO drv_pkt.sv(19) @ 265: uvm_test_top.env_0.agent_pkt_0.drv_pkt_0 [CMD Driver] waiting for clk , consumed 
UVM_INFO drv_pkt.sv(22) @ 275: uvm_test_top.env_0.agent_pkt_0.drv_pkt_0 [CMD Driver] got clk and driving cmd and data to interface
UVM_INFO drv_pkt.sv(25) @ 275: uvm_test_top.env_0.agent_pkt_0.drv_pkt_0 [CMD Driver] cmd is e 

UVM_INFO drv_pkt.sv(26) @ 275: uvm_test_top.env_0.agent_pkt_0.drv_pkt_0 [CMD Driver] saddr is 5555 

UVM_INFO drv_pkt.sv(29) @ 275: uvm_test_top.env_0.agent_pkt_0.drv_pkt_0 [CMD Driver] waiting for clk #2
UVM_INFO drv_pkt.sv(31) @ 315: uvm_test_top.env_0.agent_pkt_0.drv_pkt_0 [CMD Driving!] ----------------------------------------------------------------------------------------
Name                           Type      Size  Value                                    
----------------------------------------------------------------------------------------
req                            pkt       -     @1004                                    
  saddr                        integral  16    'h5555                                   
  daddr                        integral  16    'h378                                    
  cmd                          integral  4     'he                                      
  rw_                          integral  1     'h0                                      
  rst                          integral  1     'h1                                      
  rst_time                     integral  32    'h84dc7a5b                               
  begin_time                   time      64    265                                      
  depth                        int       32    'd3                                      
  parent sequence (name)       string    9     seq_pkt_0                                
  parent sequence (full name)  string    37    uvm_test_top.v_seqr_0.v_seq.seq_pkt_0    
  sequencer                    string    41    uvm_test_top.env_0.agent_pkt_0.seqr_pkt_0
----------------------------------------------------------------------------------------

UVM_INFO v_seq.sv(31) @ 315: uvm_test_top.v_seqr_0@@v_seq [XAC] post_start
UVM_INFO seq_pkt.sv(12) @ 315: uvm_test_top.env_0.agent_pkt_0.seqr_pkt_0@@seq_pkt_0 [XAC] SEQ_PKT::body(), going to uvm_do_with
UVM_INFO drv_pkt.sv(19) @ 315: uvm_test_top.env_0.agent_pkt_0.drv_pkt_0 [CMD Driver] waiting for clk , consumed 
UVM_INFO drv_pkt.sv(22) @ 325: uvm_test_top.env_0.agent_pkt_0.drv_pkt_0 [CMD Driver] got clk and driving cmd and data to interface
UVM_INFO drv_pkt.sv(25) @ 325: uvm_test_top.env_0.agent_pkt_0.drv_pkt_0 [CMD Driver] cmd is 6 

UVM_INFO drv_pkt.sv(26) @ 325: uvm_test_top.env_0.agent_pkt_0.drv_pkt_0 [CMD Driver] saddr is 1111 

UVM_INFO drv_pkt.sv(29) @ 325: uvm_test_top.env_0.agent_pkt_0.drv_pkt_0 [CMD Driver] waiting for clk #2
UVM_INFO drv_pkt.sv(31) @ 365: uvm_test_top.env_0.agent_pkt_0.drv_pkt_0 [CMD Driving!] --------------------------------------------------------------------------------------------------
Name                           Type      Size  Value                                              
--------------------------------------------------------------------------------------------------
req                            pkt       -     @1045                                              
  saddr                        integral  16    'h1111                                             
  daddr                        integral  16    'h378                                              
  cmd                          integral  4     'h6                                                
  rw_                          integral  1     'h0                                                
  rst                          integral  1     'h0                                                
  rst_time                     integral  32    'hfc7fa4fa                                         
  begin_time                   time      64    315                                                
  depth                        int       32    'd2                                                
  parent sequence (name)       string    9     seq_pkt_0                                          
  parent sequence (full name)  string    51    uvm_test_top.env_0.agent_pkt_0.seqr_pkt_0.seq_pkt_0
  sequencer                    string    41    uvm_test_top.env_0.agent_pkt_0.seqr_pkt_0          
--------------------------------------------------------------------------------------------------

UVM_INFO drv_pkt.sv(19) @ 365: uvm_test_top.env_0.agent_pkt_0.drv_pkt_0 [CMD Driver] waiting for clk , consumed 
UVM_INFO drv_pkt.sv(22) @ 375: uvm_test_top.env_0.agent_pkt_0.drv_pkt_0 [CMD Driver] got clk and driving cmd and data to interface
UVM_INFO drv_pkt.sv(25) @ 375: uvm_test_top.env_0.agent_pkt_0.drv_pkt_0 [CMD Driver] cmd is a 

UVM_INFO drv_pkt.sv(26) @ 375: uvm_test_top.env_0.agent_pkt_0.drv_pkt_0 [CMD Driver] saddr is 1111 

UVM_INFO drv_pkt.sv(29) @ 375: uvm_test_top.env_0.agent_pkt_0.drv_pkt_0 [CMD Driver] waiting for clk #2
UVM_INFO drv_pkt.sv(31) @ 415: uvm_test_top.env_0.agent_pkt_0.drv_pkt_0 [CMD Driving!] --------------------------------------------------------------------------------------------------
Name                           Type      Size  Value                                              
--------------------------------------------------------------------------------------------------
req                            pkt       -     @1049                                              
  saddr                        integral  16    'h1111                                             
  daddr                        integral  16    'h378                                              
  cmd                          integral  4     'ha                                                
  rw_                          integral  1     'h1                                                
  rst                          integral  1     'h0                                                
  rst_time                     integral  32    'h89340ecb                                         
  begin_time                   time      64    365                                                
  depth                        int       32    'd2                                                
  parent sequence (name)       string    9     seq_pkt_0                                          
  parent sequence (full name)  string    51    uvm_test_top.env_0.agent_pkt_0.seqr_pkt_0.seq_pkt_0
  sequencer                    string    41    uvm_test_top.env_0.agent_pkt_0.seqr_pkt_0          
--------------------------------------------------------------------------------------------------

UVM_INFO seq_pkt.sv(17) @ 415: uvm_test_top.env_0.agent_pkt_0.seqr_pkt_0@@seq_pkt_0 [XAC] in sequence body, after 1st uvm_do_with 
UVM_INFO drv_pkt.sv(19) @ 415: uvm_test_top.env_0.agent_pkt_0.drv_pkt_0 [CMD Driver] waiting for clk , consumed 
UVM_INFO drv_pkt.sv(22) @ 425: uvm_test_top.env_0.agent_pkt_0.drv_pkt_0 [CMD Driver] got clk and driving cmd and data to interface
UVM_INFO drv_pkt.sv(25) @ 425: uvm_test_top.env_0.agent_pkt_0.drv_pkt_0 [CMD Driver] cmd is b 

UVM_INFO drv_pkt.sv(26) @ 425: uvm_test_top.env_0.agent_pkt_0.drv_pkt_0 [CMD Driver] saddr is 2222 

UVM_INFO drv_pkt.sv(29) @ 425: uvm_test_top.env_0.agent_pkt_0.drv_pkt_0 [CMD Driver] waiting for clk #2
UVM_INFO drv_pkt.sv(31) @ 465: uvm_test_top.env_0.agent_pkt_0.drv_pkt_0 [CMD Driving!] --------------------------------------------------------------------------------------------------
Name                           Type      Size  Value                                              
--------------------------------------------------------------------------------------------------
req                            pkt       -     @1053                                              
  saddr                        integral  16    'h2222                                             
  daddr                        integral  16    'h378                                              
  cmd                          integral  4     'hb                                                
  rw_                          integral  1     'h1                                                
  rst                          integral  1     'h1                                                
  rst_time                     integral  32    'h58097662                                         
  begin_time                   time      64    415                                                
  depth                        int       32    'd2                                                
  parent sequence (name)       string    9     seq_pkt_0                                          
  parent sequence (full name)  string    51    uvm_test_top.env_0.agent_pkt_0.seqr_pkt_0.seq_pkt_0
  sequencer                    string    41    uvm_test_top.env_0.agent_pkt_0.seqr_pkt_0          
--------------------------------------------------------------------------------------------------

UVM_INFO drv_pkt.sv(19) @ 465: uvm_test_top.env_0.agent_pkt_0.drv_pkt_0 [CMD Driver] waiting for clk , consumed 
UVM_INFO drv_pkt.sv(22) @ 475: uvm_test_top.env_0.agent_pkt_0.drv_pkt_0 [CMD Driver] got clk and driving cmd and data to interface
UVM_INFO drv_pkt.sv(25) @ 475: uvm_test_top.env_0.agent_pkt_0.drv_pkt_0 [CMD Driver] cmd is 3 

UVM_INFO drv_pkt.sv(26) @ 475: uvm_test_top.env_0.agent_pkt_0.drv_pkt_0 [CMD Driver] saddr is 3333 

UVM_INFO drv_pkt.sv(29) @ 475: uvm_test_top.env_0.agent_pkt_0.drv_pkt_0 [CMD Driver] waiting for clk #2
UVM_INFO drv_pkt.sv(31) @ 515: uvm_test_top.env_0.agent_pkt_0.drv_pkt_0 [CMD Driving!] --------------------------------------------------------------------------------------------------
Name                           Type      Size  Value                                              
--------------------------------------------------------------------------------------------------
req                            pkt       -     @1057                                              
  saddr                        integral  16    'h3333                                             
  daddr                        integral  16    'h378                                              
  cmd                          integral  4     'h3                                                
  rw_                          integral  1     'h0                                                
  rst                          integral  1     'h1                                                
  rst_time                     integral  32    'hf920a436                                         
  begin_time                   time      64    465                                                
  depth                        int       32    'd2                                                
  parent sequence (name)       string    9     seq_pkt_0                                          
  parent sequence (full name)  string    51    uvm_test_top.env_0.agent_pkt_0.seqr_pkt_0.seq_pkt_0
  sequencer                    string    41    uvm_test_top.env_0.agent_pkt_0.seqr_pkt_0          
--------------------------------------------------------------------------------------------------

UVM_INFO drv_pkt.sv(19) @ 515: uvm_test_top.env_0.agent_pkt_0.drv_pkt_0 [CMD Driver] waiting for clk , consumed 
UVM_INFO drv_pkt.sv(22) @ 525: uvm_test_top.env_0.agent_pkt_0.drv_pkt_0 [CMD Driver] got clk and driving cmd and data to interface
UVM_INFO drv_pkt.sv(25) @ 525: uvm_test_top.env_0.agent_pkt_0.drv_pkt_0 [CMD Driver] cmd is c 

UVM_INFO drv_pkt.sv(26) @ 525: uvm_test_top.env_0.agent_pkt_0.drv_pkt_0 [CMD Driver] saddr is 4444 

UVM_INFO drv_pkt.sv(29) @ 525: uvm_test_top.env_0.agent_pkt_0.drv_pkt_0 [CMD Driver] waiting for clk #2
UVM_INFO drv_pkt.sv(31) @ 565: uvm_test_top.env_0.agent_pkt_0.drv_pkt_0 [CMD Driving!] --------------------------------------------------------------------------------------------------
Name                           Type      Size  Value                                              
--------------------------------------------------------------------------------------------------
req                            pkt       -     @1061                                              
  saddr                        integral  16    'h4444                                             
  daddr                        integral  16    'h378                                              
  cmd                          integral  4     'hc                                                
  rw_                          integral  1     'h0                                                
  rst                          integral  1     'h0                                                
  rst_time                     integral  32    'ha1b0528f                                         
  begin_time                   time      64    515                                                
  depth                        int       32    'd2                                                
  parent sequence (name)       string    9     seq_pkt_0                                          
  parent sequence (full name)  string    51    uvm_test_top.env_0.agent_pkt_0.seqr_pkt_0.seq_pkt_0
  sequencer                    string    41    uvm_test_top.env_0.agent_pkt_0.seqr_pkt_0          
--------------------------------------------------------------------------------------------------

UVM_INFO drv_pkt.sv(19) @ 565: uvm_test_top.env_0.agent_pkt_0.drv_pkt_0 [CMD Driver] waiting for clk , consumed 
UVM_INFO drv_pkt.sv(22) @ 575: uvm_test_top.env_0.agent_pkt_0.drv_pkt_0 [CMD Driver] got clk and driving cmd and data to interface
UVM_INFO drv_pkt.sv(25) @ 575: uvm_test_top.env_0.agent_pkt_0.drv_pkt_0 [CMD Driver] cmd is 3 

UVM_INFO drv_pkt.sv(26) @ 575: uvm_test_top.env_0.agent_pkt_0.drv_pkt_0 [CMD Driver] saddr is 5555 

UVM_INFO drv_pkt.sv(29) @ 575: uvm_test_top.env_0.agent_pkt_0.drv_pkt_0 [CMD Driver] waiting for clk #2
UVM_INFO drv_pkt.sv(31) @ 615: uvm_test_top.env_0.agent_pkt_0.drv_pkt_0 [CMD Driving!] --------------------------------------------------------------------------------------------------
Name                           Type      Size  Value                                              
--------------------------------------------------------------------------------------------------
req                            pkt       -     @1065                                              
  saddr                        integral  16    'h5555                                             
  daddr                        integral  16    'h378                                              
  cmd                          integral  4     'h3                                                
  rw_                          integral  1     'h0                                                
  rst                          integral  1     'h0                                                
  rst_time                     integral  32    'h320b67cf                                         
  begin_time                   time      64    565                                                
  depth                        int       32    'd2                                                
  parent sequence (name)       string    9     seq_pkt_0                                          
  parent sequence (full name)  string    51    uvm_test_top.env_0.agent_pkt_0.seqr_pkt_0.seq_pkt_0
  sequencer                    string    41    uvm_test_top.env_0.agent_pkt_0.seqr_pkt_0          
--------------------------------------------------------------------------------------------------

UVM_INFO seq_rst.sv(12) @ 615: uvm_test_top.env_0.agent_rst_0.seqr_rst_0@@seq_rst_0 [XAC] in rst sequence sequence body
UVM_INFO drv_rst.sv(23) @ 615: uvm_test_top.env_0.agent_rst_0.drv_rst_0 [RST Driver] waiting for clk
UVM_INFO drv_rst.sv(28) @ 625: uvm_test_top.env_0.agent_rst_0.drv_rst_0 [RST Driver] got clk
UVM_INFO drv_rst.sv(30) @ 625: uvm_test_top.env_0.agent_rst_0.drv_rst_0 [RST Driver] rst_ is 0 

UVM_INFO drv_rst.sv(34) @ 640: uvm_test_top.env_0.agent_rst_0.drv_rst_0 [RST Driving!] --------------------------------------------------------------------------------------------------
Name                           Type      Size  Value                                              
--------------------------------------------------------------------------------------------------
req                            rst       -     @1069                                              
  rst_                         integral  1     'h0                                                
  rst_time                     integral  32    'h3                                                
  begin_time                   time      64    615                                                
  depth                        int       32    'd2                                                
  parent sequence (name)       string    9     seq_rst_0                                          
  parent sequence (full name)  string    51    uvm_test_top.env_0.agent_rst_0.seqr_rst_0.seq_rst_0
  sequencer                    string    41    uvm_test_top.env_0.agent_rst_0.seqr_rst_0          
--------------------------------------------------------------------------------------------------

UVM_INFO drv_rst.sv(35) @ 640: uvm_test_top.env_0.agent_rst_0.drv_rst_0 [RST Driver] rst_ is 1 


--- UVM Report Summary ---

** Report counts by severity
UVM_INFO :   92
UVM_WARNING :    0
UVM_ERROR :    0
UVM_FATAL :    0
** Report counts by id
[CMD Driver]    60
[CMD Driving!]    12
[RNTST]     1
[RST Driver]     9
[RST Driving!]     2
[XAC]     8
$finish called from file "/usr/synopsys/vcs/U-2023.03-SP2/etc/uvm-1.1/base/uvm_root.svh", line 437.
$finish at simulation time                  640
           V C S   S i m u l a t i o n   R e p o r t 
Time: 640
CPU Time:      0.490 seconds;       Data structure size:   0.6Mb
Thu Jun 20 12:04:37 2024
