version: (200506)

available memory: 64M bytes
used memory: 73728 bytes [need 72K bytes if disable swap]

used block: 2 [memory(2) file(0)]
                 [ 8K(1) 64K(1) { total 72K bytes } ]
overhead: (9538) bytes for (2) blocks [Average: (4769) bytes/block]

write  => 0(times) 0K(bytes) [0K bytes to file]
read   => 1(times) 0K(bytes) [0K bytes compressed data from file]
access => 7280(times) 57M(bytes)
          [hit ratio: 99.9863%]

time: write(0) read(0)  unit: second

swap file directory: (/home/sf10274/AlbertLand/0UVMgetinfo/VirtualSequencerTheOne/verdiLog)
used swap file number: (1)



swap file manager:
arrSize: (256)
idxCnt: (4)
closeHead: (1)
closeTail: (2)
openCnt: (2)
fid(3): fd(0) fileName(/home/sf10274/AlbertLand/0UVMgetinfo/VirtualSequencerTheOne/simv.daidir/kdb.elab++/work.lib++/uvm_custom_install_verdi_recorder.sv.tdc)
	size(15429) lastModTime(1719165382) curModTime(1719165382)
	mode(rb)	hot(0) cool(0) pos(0)
fid(2): fd(37) fileName(/home/sf10274/AlbertLand/0UVMgetinfo/VirtualSequencerTheOne/verdiLog/_swap_0001#336204282#27737)
	size(0) lastModTime(0) curModTime(1719165665)
	mode(w+b)	hot(0) cool(1) pos(0)
fid(1): fd(1073741824) fileName(/home/sf10274/AlbertLand/0UVMgetinfo/VirtualSequencerTheOne/simv.daidir/kdb.elab++/work.lib++/prog.sv.tdc)
	size(766) lastModTime(1719165382) curModTime(1719165382)
	mode(rb)	hot(2) cool(0) pos(0)
fid(0): fd(0) fileName(NULL)
	mode(NULL)	hot(0) cool(0) pos(0)
==================================================
mySelf(0x1c394330) pre(0x1c385c80) next((nil))
version(200506)
date(Aug 13 2023 07:34:34)
